pdates...
Thu Apr 13 01:52:13 2017 no update available
Thu Apr 13 01:52:13 2017 >>>> {'timestamp': 1492062733, 'state': 'add_profile', 'profile_id': 'openvpn_us_east_1_inindca_com_dynamic_p1881', 'type': 'PROFILE'}
Thu Apr 13 01:52:13 2017 **** ADD PROFILE openvpn_us_east_1_inindca_com_dynamic_p1881
Thu Apr 13 01:52:50 2017 Failed to add the taskbar icon
----- NEW INSTANTIATION -----
Thu Apr 13 02:05:48 2017  TrayApp.main()
Thu Apr 13 02:05:48 2017 going to enter main UI event loop...
Thu Apr 13 02:05:48 2017 icon state='disconnected' file=u'C:\\Program Files (x86)\\OpenVPN Technologies\\OpenVPN Client\\client\\images\\icon-disconnected.ico'
Thu Apr 13 02:05:48 2017 icon state='connecting' file=u'C:\\Program Files (x86)\\OpenVPN Technologies\\OpenVPN Client\\client\\images\\icon-connecting.ico'
Thu Apr 13 02:05:48 2017 icon state='connected' file=u'C:\\Program Files (x86)\\OpenVPN Technologies\\OpenVPN Client\\client\\images\\icon-connected.ico'
Thu Apr 13 02:05:48 2017 icon state='GET_CONFIG' file=u'C:\\Program Files (x86)\\OpenVPN Technologies\\OpenVPN Client\\client\\images\\icon-get-config.ico'
Thu Apr 13 02:05:48 2017 icon state='TCP_CONNECT' file=u'C:\\Program Files (x86)\\OpenVPN Technologies\\OpenVPN Client\\client\\images\\icon-tcp-connect.ico'
Thu Apr 13 02:05:48 2017 icon state='RESOLVE' file=u'C:\\Program Files (x86)\\OpenVPN Technologies\\OpenVPN Client\\client\\images\\icon-resolve.ico'
Thu Apr 13 02:05:48 2017 icon state='RSA_SIGN' file=u'C:\\Program Files (x86)\\OpenVPN Technologies\\OpenVPN Client\\client\\images\\icon-rsa-sign.ico'
Thu Apr 13 02:05:48 2017 icon state='ADD_ROUTES' file=u'C:\\Program Files (x86)\\OpenVPN Technologies\\OpenVPN Client\\client\\images\\icon-add-routes.ico'
Thu Apr 13 02:05:48 2017 icon state='ASSIGN_IP' file=u'C:\\Program Files (x86)\\OpenVPN Technologies\\OpenVPN Client\\client\\images\\icon-assign-ip.ico'
Thu Apr 13 02:05:48 2017 icon state='RECONNECTING' file=u'C:\\Program Files (x86)\\OpenVPN Technologies\\OpenVPN Client\\client\\images\\icon-reconnecting.ico'
Thu Apr 13 02:05:48 2017 icon state='AUTH' file=u'C:\\Program Files (x86)\\OpenVPN Technologies\\OpenVPN Client\\client\\images\\icon-auth.ico'
Thu Apr 13 02:05:48 2017 icon state='WAIT' file=u'C:\\Program Files (x86)\\OpenVPN Technologies\\OpenVPN Client\\client\\images\\icon-wait.ico'
Thu Apr 13 02:05:48 2017 trying to load DLL: C:\Program Files (x86)\OpenVPN Technologies\OpenVPN Client\core\ovpntray.dll
Thu Apr 13 02:05:48 2017 loaded resource DLL: 1724252160
Thu Apr 13 02:05:49 2017 waiting...: ConnectionRefusedError: 10061: No connection could be made because the target machine actively refused it..: tray/trayclient:257 (twisted.internet.error.ConnectionRefusedError)
Thu Apr 13 02:05:51 2017 run_client()
Thu Apr 13 02:05:51 2017 TrackActiveProfiles sid='sess_TrackActiveProfiles_65tDmfmefkzTgFAg_1'
Thu Apr 13 02:05:51 2017 checking if there are any updates...
Thu Apr 13 02:05:51 2017 no update available
Thu Apr 13 02:05:51 2017 >>>> {'timestamp': 1492063551, 'state': 'add_profile', 'profile_id': 'openvpn_us_east_1_inindca_com_dynamic_p1881', 'type': 'PROFILE'}
Thu Apr 13 02:05:51 2017 **** ADD PROFILE openvpn_us_east_1_inindca_com_dynamic_p1881
Thu Apr 13 06:05:58 2017 checking if there are any updates...
Thu Apr 13 06:05:58 2017 no update available
Thu Apr 13 10:06:05 2017 checking if there are any updates...
Thu Apr 13 10:06:05 2017 no update available
Thu Apr 13 14:06:11 2017 checking if there are any updates...
Thu Apr 13 14:06:11 2017 no update available
Thu Apr 13 18:06:18 2017 checking if there are any updates...
Thu Apr 13 18:06:18 2017 no update available
Thu Apr 13 22:06:25 2017 checking if there are any updates...
Thu Apr 13 22:06:25 2017 no update available
Fri Apr 14 02:06:32 2017 checking if there are any updates...
Fri Apr 14 02:06:32 2017 no update available
Fri Apr 14 06:06:39 2017 checking if there are any updates...
Fri Apr 14 06:06:39 2017 no update available
Fri Apr 14 10:06:46 2017 checking if there are any updates...
Fri Apr 14 10:06:46 2017 no update available
Fri Apr 14 14:06:53 2017 checking if there are any updates...
Fri Apr 14 14:06:53 2017 no update available
Fri Apr 14 18:07:00 2017 checking if there are any updates...
Fri Apr 14 18:07:00 2017 no update available
Fri Apr 14 22:07:06 2017 checking if there are any updates...
Fri Apr 14 22:07:06 2017 no update available
Sat Apr 15 02:07:13 2017 checking if there are any updates...
Sat Apr 15 02:07:13 2017 no update available
Sat Apr 15 06:07:20 2017 checking if there are any updates...
Sat Apr 15 06:07:20 2017 no update available
Sat Apr 15 10:07:26 2017 checking if there are any updates...
Sat Apr 15 10:07:26 2017 no update available
Sat Apr 15 14:07:33 2017 checking if there are any updates...
Sat Apr 15 14:07:33 2017 no update available
Sat Apr 15 18:07:39 2017 checking if there are any updates...
Sat Apr 15 18:07:39 2017 no update available
Sat Apr 15 22:07:45 2017 checking if there are any updates...
Sat Apr 15 22:07:45 2017 no update available
Sun Apr 16 02:07:51 2017 checking if there are any updates...
Sun Apr 16 02:07:51 2017 no update available
Sun Apr 16 06:07:56 2017 checking if there are any updates...
Sun Apr 16 06:07:56 2017 no update available
Sun Apr 16 10:08:02 2017 checking if there are any updates...
Sun Apr 16 10:08:02 2017 no update available
Sun Apr 16 14:08:08 2017 checking if there are any updates...
Sun Apr 16 14:08:08 2017 no update available
Sun Apr 16 18:08:14 2017 checking if there are any updates...
Sun Apr 16 18:08:14 2017 no update available
Sun Apr 16 22:08:20 2017 checking if there are any updates...
Sun Apr 16 22:08:20 2017 no update available
Mon Apr 17 02:08:25 2017 checking if there are any updates...
Mon Apr 17 02:08:25 2017 no update available
Mon Apr 17 06:08:31 2017 checking if there are any updates...
Mon Apr 17 06:08:31 2017 no update available
Mon Apr 17 10:08:36 2017 checking if there are any updates...
Mon Apr 17 10:08:36 2017 no update available
Mon Apr 17 14:08:42 2017 checking if there are any updates...
Mon Apr 17 14:08:42 2017 no update available
Mon Apr 17 18:08:47 2017 checking if there are any updates...
Mon Apr 17 18:08:47 2017 no update available
Mon Apr 17 22:08:53 2017 checking if there are any updates...
Mon Apr 17 22:08:53 2017 no update available
Tue Apr 18 02:08:58 2017 checking if there are any updates...
Tue Apr 18 02:08:58 2017 no update available
Tue Apr 18 06:09:04 2017 checking if there are any updates...
Tue Apr 18 06:09:04 2017 no update available
Tue Apr 18 10:09:10 2017 checking if there are any updates...
Tue Apr 18 10:09:10 2017 no update available
Tue Apr 18 14:09:16 2017 checking if there are any updates...
Tue Apr 18 14:09:16 2017 no update available
Tue Apr 18 18:09:21 2017 checking if there are any updates...
Tue Apr 18 18:09:21 2017 no update available
Tue Apr 18 22:09:27 2017 checking if there are any updates...
Tue Apr 18 22:09:27 2017 no update available
Wed Apr 19 02:09:33 2017 checking if there are any updates...
Wed Apr 19 02:09:33 2017 no update available
Wed Apr 19 06:09:38 2017 checking if there are any updates...
Wed Apr 19 06:09:38 2017 no update available
Wed Apr 19 10:09:43 2017 checking if there are any updates...
Wed Apr 19 10:09:43 2017 no update available
Wed Apr 19 14:09:49 2017 checking if there are any updates...
Wed Apr 19 14:09:49 2017 no update available
Wed Apr 19 18:09:54 2017 checking if there are any updates...
Wed Apr 19 18:09:54 2017 no update available
Wed Apr 19 22:09:59 2017 checking if there are any updates...
Wed Apr 19 22:09:59 2017 no update available
Thu Apr 20 02:10:04 2017 checking if there are any updates...
Thu Apr 20 02:10:04 2017 no update available
Thu Apr 20 06:10:08 2017 checking if there are any updates...
Thu Apr 20 06:10:08 2017 no update available
Thu Apr 20 10:10:13 2017 checking if there are any updates...
Thu Apr 20 10:10:13 2017 no update available
Thu Apr 20 14:10:19 2017 checking if there are any updates...
Thu Apr 20 14:10:19 2017 no update available
Thu Apr 20 18:10:25 2017 checking if there are any updates...
Thu Apr 20 18:10:25 2017 no update available
Thu Apr 20 22:10:31 2017 checking if there are any updates...
Thu Apr 20 22:10:31 2017 no update available
Fri Apr 21 02:10:37 2017 checking if there are any updates...
Fri Apr 21 02:10:37 2017 no update available
Fri Apr 21 06:10:43 2017 checking if there are any updates...
Fri Apr 21 06:10:43 2017 no update available
Fri Apr 21 10:10:49 2017 checking if there are any updates...
Fri Apr 21 10:10:49 2017 no update available
Fri Apr 21 14:10:55 2017 checking if there are any updates...
Fri Apr 21 14:10:55 2017 no update available
Fri Apr 21 18:11:00 2017 checking if there are any updates...
Fri Apr 21 18:11:00 2017 no update available
Fri Apr 21 22:11:07 2017 checking if there are any updates...
Fri Apr 21 22:11:07 2017 no update available
Sat Apr 22 02:11:13 2017 checking if there are any updates...
Sat Apr 22 02:11:13 2017 no update available
Sat Apr 22 06:11:19 2017 checking if there are any updates...
Sat Apr 22 06:11:19 2017 no update available
Sat Apr 22 10:11:24 2017 checking if there are any updates...
Sat Apr 22 10:11:24 2017 no update available
Sat Apr 22 14:11:30 2017 checking if there are any updates...
Sat Apr 22 14:11:30 2017 no update available
Sat Apr 22 18:11:40 2017 checking if there are any updates...
Sat Apr 22 18:11:40 2017 no update available
Sat Apr 22 22:11:46 2017 checking if there are any updates...
Sat Apr 22 22:11:46 2017 no update available
Sun Apr 23 02:11:52 2017 checking if there are any updates...
Sun Apr 23 02:11:52 2017 no update available
Sun Apr 23 06:11:58 2017 checking if there are any updates...
Sun Apr 23 06:11:58 2017 no update available
Sun Apr 23 10:12:04 2017 checking if there are any updates...
Sun Apr 23 10:12:04 2017 no update available
----- NEW INSTANTIATION -----
Wed Mar 07 06:11:39 2018  TrayApp.main()
Wed Mar 07 06:11:39 2018 going to enter main UI event loop...
Wed Mar 07 06:11:39 2018 icon state='disconnected' file=u'C:\\Program Files (x86)\\OpenVPN Technologies\\OpenVPN Client\\client\\images\\icon-disconnected.ico'
Wed Mar 07 06:11:39 2018 icon state='connecting' file=u'C:\\Program Files (x86)\\OpenVPN Technologies\\OpenVPN Client\\client\\images\\icon-connecting.ico'
Wed Mar 07 06:11:39 2018 icon state='connected' file=u'C:\\Program Files (x86)\\OpenVPN Technologies\\OpenVPN Client\\client\\images\\icon-connected.ico'
Wed Mar 07 06:11:39 2018 icon state='GET_CONFIG' file=u'C:\\Program Files (x86)\\OpenVPN Technologies\\OpenVPN Client\\client\\images\\icon-get-config.ico'
Wed Mar 07 06:11:39 2018 icon state='TCP_CONNECT' file=u'C:\\Program Files (x86)\\OpenVPN Technologies\\OpenVPN Client\\client\\images\\icon-tcp-connect.ico'
Wed Mar 07 06:11:39 2018 icon state='RESOLVE' file=u'C:\\Program Files (x86)\\OpenVPN Technologies\\OpenVPN Client\\client\\images\\icon-resolve.ico'
Wed Mar 07 06:11:39 2018 icon state='RSA_SIGN' file=u'C:\\Program Files (x86)\\OpenVPN Technologies\\OpenVPN Client\\client\\images\\icon-rsa-sign.ico'
Wed Mar 07 06:11:39 2018 icon state='ADD_ROUTES' file=u'C:\\Program Files (x86)\\OpenVPN Technologies\\OpenVPN Client\\client\\images\\icon-add-routes.ico'
Wed Mar 07 06:11:39 2018 icon state='ASSIGN_IP' file=u'C:\\Program Files (x86)\\OpenVPN Technologies\\OpenVPN Client\\client\\images\\icon-assign-ip.ico'
Wed Mar 07 06:11:39 2018 icon state='RECONNECTING' file=u'C:\\Program Files (x86)\\OpenVPN Technologies\\OpenVPN Client\\client\\images\\icon-reconnecting.ico'
Wed Mar 07 06:11:39 2018 icon state='AUTH' file=u'C:\\Program Files (x86)\\OpenVPN Technologies\\OpenVPN Client\\client\\images\\icon-auth.ico'
Wed Mar 07 06:11:39 2018 icon state='WAIT' file=u'C:\\Program Files (x86)\\OpenVPN Technologies\\OpenVPN Client\\client\\images\\icon-wait.ico'
Wed Mar 07 06:11:39 2018 trying to load DLL: C:\Program Files (x86)\OpenVPN Technologies\OpenVPN Client\core\ovpntray.dll
Wed Mar 07 06:11:39 2018 loaded resource DLL: 253165568
Wed Mar 07 06:11:40 2018 waiting...: ConnectionRefusedError: 10061: No connection could be made because the target machine actively refused it..: tray/trayclient:257 (twisted.internet.error.ConnectionRefusedError)
Wed Mar 07 06:13:48 2018 run_client()
Wed Mar 07 06:13:49 2018 RUN CLIENT error: ConnectionRefusedError: 10061: No connection could be made because the target machine actively refused it..: tray/trayclient:899 (twisted.internet.error.ConnectionRefusedError)
Wed Mar 07 06:13:49 2018 TrayClient.import_profile: ConnectionRefusedError: 10061: No connection could be made because the target machine actively refused it..: tray/trayclient:680 (twisted.internet.error.ConnectionRefusedError)
Wed Mar 07 06:13:49 2018 UH: triggering restart because of error
Wed Mar 07 06:14:48 2018 TrayClient.connect: (None, u'10.0.0.68', None, True)
Wed Mar 07 06:14:48 2018 ************ EXCEPTION TRIGGERED RESTART
Wed Mar 07 06:14:49 2018 waiting...: ConnectionRefusedError: 10061: No connection could be made because the target machine actively refused it..: tray/trayclient:257 (twisted.internet.error.ConnectionRefusedError)
Wed Mar 07 06:14:49 2018 TrayClient.connect: ConnectionRefusedError: 10061: No connection could be made because the target machine actively refused it..: tray/trayclient:445 (twisted.internet.error.ConnectionRefusedError)
Wed Mar 07 06:14:49 2018 UH: unhandled exception in restart
Wed Mar 07 06:14:55 2018 OnCommand: unknown action: 1027
Wed Mar 07 06:15:49 2018 run_client()
Wed Mar 07 06:15:50 2018 RUN CLIENT error: ConnectionRefusedError: 10061: No connection could be made because the target machine actively refused it..: tray/trayclient:899 (twisted.internet.error.ConnectionRefusedError)
Wed Mar 07 06:15:52 2018 ************ EXCEPTION TRIGGERED RESTART
Wed Mar 07 06:15:53 2018 waiting...: ConnectionRefusedError: 10061: No connection could be made because the target machine actively refused it..: tray/trayclient:257 (twisted.internet.error.ConnectionRefusedError)
Wed Mar 07 06:16:55 2018 run_client()
Wed Mar 07 06:16:56 2018 RUN CLIENT error: ConnectionRefusedError: 10061: No connection could be made because the target machine actively refused it..: tray/trayclient:899 (twisted.internet.error.ConnectionRefusedError)
Wed Mar 07 06:16:58 2018 ************ EXCEPTION TRIGGERED RESTART
Wed Mar 07 06:16:59 2018 waiting...: ConnectionRefusedError: 10061: No connection could be made because the target machine actively refused it..: tray/trayclient:257 (twisted.internet.error.ConnectionRefusedError)
Wed Mar 07 06:17:58 2018 run_client()
Wed Mar 07 06:17:59 2018 RUN CLIENT error: ConnectionRefusedError: 10061: No connection could be made because the target machine actively refused it..: tray/trayclient:899 (twisted.internet.error.ConnectionRefusedError)
Wed Mar 07 06:18:02 2018 ************ EXCEPTION TRIGGERED RESTART
Wed Mar 07 06:18:03 2018 waiting...: ConnectionRefusedError: 10061: No connection could be made because the target machine actively refused it..: tray/trayclient:257 (twisted.internet.error.ConnectionRefusedError)
Wed Mar 07 06:19:02 2018 run_client()
Wed Mar 07 06:19:03 2018 RUN CLIENT error: ConnectionRefusedError: 10061: No connection could be made because the target machine actively refused it..: tray/trayclient:899 (twisted.internet.error.ConnectionRefusedError)
Wed Mar 07 06:19:06 2018 *** CLEANUP fast=False
Wed Mar 07 06:19:06 2018 TrayClient.disconnect True
Wed Mar 07 06:19:06 2018 Failed to add the taskbar icon
Wed Mar 07 06:19:06 2018 ************ EXCEPTION TRIGGERED RESTART
Wed Mar 07 06:19:07 2018 waiting...: ConnectionRefusedError: 10061: No connection could be made because the target machine actively refused it..: tray/trayclient:257 (twisted.internet.error.ConnectionRefusedError)
Wed Mar 07 06:19:07 2018 TrayClient.disconnect: ConnectionRefusedError: 10061: No connection could be made because the target machine actively refused it..: tray/trayclient:574 (twisted.internet.error.ConnectionRefusedError)
